<?xml version="1.0" encoding="UTF-8"?>
<!-- Generated by org.testng.reporters.JUnitReportReporter -->
<testsuite hostname="Abdul" failures="0" tests="1" name="testcases.Tc_001_AccountRegistrationTest" time="3.197" errors="0" timestamp="2025-07-29T20:38:01 IST" skipped="0">
  <testcase classname="testcases.Tc_001_AccountRegistrationTest" name="VerifyAccRegPage" time="3.197"/>
</testsuite> <!-- testcases.Tc_001_AccountRegistrationTest -->
